# JRE version: OpenJDK Runtime Environment (21.0.8) (build 21.0.8+-14196175-b1038.72)
# Java VM: OpenJDK 64-Bit Server VM (21.0.8+-14196175-b1038.72, mixed mode, tiered, compressed oops, compressed class ptrs, g1 gc, windows-amd64)
GC Precious Log:
 CardTable entry size: 512
 Card Set container configuration: InlinePtr #cards 5 size 8 Array Of Cards #cards 12 size 40 Howl #buckets 4 coarsen threshold 1843 Howl Bitmap #cards 512 size 80 coarsen threshold 460 Card regions per heap region 1 cards per card region 2048
 CPUs: 12 total, 12 available
 Memory: 7860M
 Large Page Support: Disabled
 NUMA Support: Disabled
 Compressed Oops: Enabled (32-bit)
 Heap Region Size: 1M
 Heap Min Capacity: 8M
 Heap Initial Capacity: 124M
 Heap Max Capacity: 2G
 Pre-touch: Disabled
 Parallel Workers: 10
 Concurrent Workers: 3
 Concurrent Refinement Workers: 10
 Periodic GC: Disabled
Heap:
 garbage-first heap   total 306176K, used 216648K [0x0000000080000000, 0x0000000100000000)
  region size 1024K, 25 young (25600K), 10 survivors (10240K)
 Metaspace       used 141933K, committed 144384K, reserved 1179648K
  class space    used 19556K, committed 20736K, reserved 1048576K
GC Heap History (20 events):
Event: 237.913 GC heap before
{Heap before GC invocations=42 (full 0):
 garbage-first heap   total 235520K, used 199549K [0x0000000080000000, 0x0000000100000000)
  region size 1024K, 54 young (55296K), 4 survivors (4096K)
 Metaspace       used 103352K, committed 105472K, reserved 1179648K
  class space    used 14340K, committed 15360K, reserved 1048576K
}
Event: 237.928 GC heap after
{Heap after GC invocations=43 (full 0):
 garbage-first heap   total 235520K, used 151559K [0x0000000080000000, 0x0000000100000000)
  region size 1024K, 6 young (6144K), 6 survivors (6144K)
 Metaspace       used 103352K, committed 105472K, reserved 1179648K
  class space    used 14340K, committed 15360K, reserved 1048576K
}
Event: 243.339 GC heap before
{Heap before GC invocations=44 (full 0):
 garbage-first heap   total 260096K, used 217095K [0x0000000080000000, 0x0000000100000000)
  region size 1024K, 67 young (68608K), 6 survivors (6144K)
 Metaspace       used 106866K, committed 108992K, reserved 1179648K
  class space    used 14833K, committed 15872K, reserved 1048576K
}
Event: 243.370 GC heap after
{Heap after GC invocations=45 (full 0):
 garbage-first heap   total 260096K, used 160307K [0x0000000080000000, 0x0000000100000000)
  region size 1024K, 8 young (8192K), 8 survivors (8192K)
 Metaspace       used 106866K, committed 108992K, reserved 1179648K
  class space    used 14833K, committed 15872K, reserved 1048576K
}
Event: 249.036 GC heap before
{Heap before GC invocations=45 (full 0):
 garbage-first heap   total 260096K, used 237107K [0x0000000080000000, 0x0000000100000000)
  region size 1024K, 83 young (84992K), 8 survivors (8192K)
 Metaspace       used 112423K, committed 114688K, reserved 1179648K
  class space    used 15804K, committed 16896K, reserved 1048576K
}
Event: 249.063 GC heap after
{Heap after GC invocations=46 (full 0):
 garbage-first heap   total 260096K, used 162009K [0x0000000080000000, 0x0000000100000000)
  region size 1024K, 9 young (9216K), 9 survivors (9216K)
 Metaspace       used 112423K, committed 114688K, reserved 1179648K
  class space    used 15804K, committed 16896K, reserved 1048576K
}
Event: 250.995 GC heap before
{Heap before GC invocations=46 (full 0):
 garbage-first heap   total 260096K, used 213209K [0x0000000080000000, 0x0000000100000000)
  region size 1024K, 61 young (62464K), 9 survivors (9216K)
 Metaspace       used 115816K, committed 118080K, reserved 1179648K
  class space    used 16246K, committed 17344K, reserved 1048576K
}
Event: 251.014 GC heap after
{Heap after GC invocations=47 (full 0):
 garbage-first heap   total 260096K, used 167255K [0x0000000080000000, 0x0000000100000000)
  region size 1024K, 8 young (8192K), 8 survivors (8192K)
 Metaspace       used 115816K, committed 118080K, reserved 1179648K
  class space    used 16246K, committed 17344K, reserved 1048576K
}
Event: 258.683 GC heap before
{Heap before GC invocations=48 (full 0):
 garbage-first heap   total 288768K, used 242007K [0x0000000080000000, 0x0000000100000000)
  region size 1024K, 75 young (76800K), 8 survivors (8192K)
 Metaspace       used 122055K, committed 124352K, reserved 1179648K
  class space    used 17074K, committed 18176K, reserved 1048576K
}
Event: 258.703 GC heap after
{Heap after GC invocations=49 (full 0):
 garbage-first heap   total 288768K, used 174799K [0x0000000080000000, 0x0000000100000000)
  region size 1024K, 10 young (10240K), 10 survivors (10240K)
 Metaspace       used 122055K, committed 124352K, reserved 1179648K
  class space    used 17074K, committed 18176K, reserved 1048576K
}
Event: 261.810 GC heap before
{Heap before GC invocations=49 (full 0):
 garbage-first heap   total 288768K, used 262863K [0x0000000080000000, 0x0000000100000000)
  region size 1024K, 96 young (98304K), 10 survivors (10240K)
 Metaspace       used 122056K, committed 124352K, reserved 1179648K
  class space    used 17074K, committed 18176K, reserved 1048576K
}
Event: 261.827 GC heap after
{Heap after GC invocations=50 (full 0):
 garbage-first heap   total 288768K, used 177744K [0x0000000080000000, 0x0000000100000000)
  region size 1024K, 10 young (10240K), 10 survivors (10240K)
 Metaspace       used 122056K, committed 124352K, reserved 1179648K
  class space    used 17074K, committed 18176K, reserved 1048576K
}
Event: 264.859 GC heap before
{Heap before GC invocations=50 (full 0):
 garbage-first heap   total 288768K, used 261712K [0x0000000080000000, 0x0000000100000000)
  region size 1024K, 93 young (95232K), 10 survivors (10240K)
 Metaspace       used 122441K, committed 124736K, reserved 1179648K
  class space    used 17113K, committed 18240K, reserved 1048576K
}
Event: 264.872 GC heap after
{Heap after GC invocations=51 (full 0):
 garbage-first heap   total 288768K, used 182152K [0x0000000080000000, 0x0000000100000000)
  region size 1024K, 11 young (11264K), 11 survivors (11264K)
 Metaspace       used 122441K, committed 124736K, reserved 1179648K
  class space    used 17113K, committed 18240K, reserved 1048576K
}
Event: 267.757 GC heap before
{Heap before GC invocations=52 (full 0):
 garbage-first heap   total 306176K, used 261000K [0x0000000080000000, 0x0000000100000000)
  region size 1024K, 87 young (89088K), 11 survivors (11264K)
 Metaspace       used 131551K, committed 134016K, reserved 1179648K
  class space    used 18291K, committed 19520K, reserved 1048576K
}
Event: 267.769 GC heap after
{Heap after GC invocations=53 (full 0):
 garbage-first heap   total 306176K, used 185543K [0x0000000080000000, 0x0000000100000000)
  region size 1024K, 4 young (4096K), 4 survivors (4096K)
 Metaspace       used 131551K, committed 134016K, reserved 1179648K
  class space    used 18291K, committed 19520K, reserved 1048576K
}
Event: 272.014 GC heap before
{Heap before GC invocations=53 (full 0):
 garbage-first heap   total 306176K, used 280775K [0x0000000080000000, 0x0000000100000000)
  region size 1024K, 97 young (99328K), 4 survivors (4096K)
 Metaspace       used 136157K, committed 138624K, reserved 1179648K
  class space    used 18843K, committed 20032K, reserved 1048576K
}
Event: 272.031 GC heap after
{Heap after GC invocations=54 (full 0):
 garbage-first heap   total 306176K, used 195020K [0x0000000080000000, 0x0000000100000000)
  region size 1024K, 13 young (13312K), 13 survivors (13312K)
 Metaspace       used 136157K, committed 138624K, reserved 1179648K
  class space    used 18843K, committed 20032K, reserved 1048576K
}
Event: 275.767 GC heap before
{Heap before GC invocations=54 (full 0):
 garbage-first heap   total 306176K, used 274892K [0x0000000080000000, 0x0000000100000000)
  region size 1024K, 92 young (94208K), 13 survivors (13312K)
 Metaspace       used 140321K, committed 142784K, reserved 1179648K
  class space    used 19346K, committed 20544K, reserved 1048576K
}
Event: 275.797 GC heap after
{Heap after GC invocations=55 (full 0):
 garbage-first heap   total 306176K, used 202312K [0x0000000080000000, 0x0000000100000000)
  region size 1024K, 10 young (10240K), 10 survivors (10240K)
 Metaspace       used 140321K, committed 142784K, reserved 1179648K
  class space    used 19346K, committed 20544K, reserved 1048576K
}

