# JRE version: OpenJDK Runtime Environment (21.0.8) (build 21.0.8+-14196175-b1038.72)
# Java VM: OpenJDK 64-Bit Server VM (21.0.8+-14196175-b1038.72, mixed mode, tiered, compressed oops, compressed class ptrs, g1 gc, windows-amd64)
GC Precious Log:
 CardTable entry size: 512
 Card Set container configuration: InlinePtr #cards 5 size 8 Array Of Cards #cards 12 size 40 Howl #buckets 4 coarsen threshold 1843 Howl Bitmap #cards 512 size 80 coarsen threshold 460 Card regions per heap region 1 cards per card region 2048
 CPUs: 12 total, 12 available
 Memory: 7860M
 Large Page Support: Disabled
 NUMA Support: Disabled
 Compressed Oops: Enabled (32-bit)
 Heap Region Size: 1M
 Heap Min Capacity: 8M
 Heap Initial Capacity: 124M
 Heap Max Capacity: 1966M
 Pre-touch: Disabled
 Parallel Workers: 10
 Concurrent Workers: 3
 Concurrent Refinement Workers: 10
 Periodic GC: Disabled
Heap:
 garbage-first heap   total 33792K, used 18887K [0x0000000085200000, 0x0000000100000000)
  region size 1024K, 2 young (2048K), 2 survivors (2048K)
 Metaspace       used 24736K, committed 24960K, reserved 1114112K
  class space    used 2718K, committed 2816K, reserved 1048576K
GC Heap History (11 events):
Event: 22.006 GC heap before
{Heap before GC invocations=0 (full 0):
 garbage-first heap   total 126976K, used 26624K [0x0000000085200000, 0x0000000100000000)
  region size 1024K, 23 young (23552K), 0 survivors (0K)
 Metaspace       used 14902K, committed 15040K, reserved 1114112K
  class space    used 1491K, committed 1536K, reserved 1048576K
}
Event: 22.917 GC heap after
{Heap after GC invocations=1 (full 0):
 garbage-first heap   total 126976K, used 6144K [0x0000000085200000, 0x0000000100000000)
  region size 1024K, 3 young (3072K), 3 survivors (3072K)
 Metaspace       used 14902K, committed 15040K, reserved 1114112K
  class space    used 1491K, committed 1536K, reserved 1048576K
}
Event: 49.766 GC heap before
{Heap before GC invocations=1 (full 0):
 garbage-first heap   total 126976K, used 23552K [0x0000000085200000, 0x0000000100000000)
  region size 1024K, 21 young (21504K), 3 survivors (3072K)
 Metaspace       used 20873K, committed 21056K, reserved 1114112K
  class space    used 2193K, committed 2304K, reserved 1048576K
}
Event: 49.777 GC heap after
{Heap after GC invocations=2 (full 0):
 garbage-first heap   total 126976K, used 7111K [0x0000000085200000, 0x0000000100000000)
  region size 1024K, 1 young (1024K), 1 survivors (1024K)
 Metaspace       used 20873K, committed 21056K, reserved 1114112K
  class space    used 2193K, committed 2304K, reserved 1048576K
}
Event: 49.864 GC heap before
{Heap before GC invocations=2 (full 0):
 garbage-first heap   total 126976K, used 8135K [0x0000000085200000, 0x0000000100000000)
  region size 1024K, 3 young (3072K), 1 survivors (1024K)
 Metaspace       used 21344K, committed 21504K, reserved 1114112K
  class space    used 2254K, committed 2368K, reserved 1048576K
}
Event: 49.868 GC heap after
{Heap after GC invocations=3 (full 0):
 garbage-first heap   total 126976K, used 7077K [0x0000000085200000, 0x0000000100000000)
  region size 1024K, 1 young (1024K), 1 survivors (1024K)
 Metaspace       used 21344K, committed 21504K, reserved 1114112K
  class space    used 2254K, committed 2368K, reserved 1048576K
}
Event: 51.796 GC heap before
{Heap before GC invocations=4 (full 0):
 garbage-first heap   total 24576K, used 24485K [0x0000000085200000, 0x0000000100000000)
  region size 1024K, 18 young (18432K), 1 survivors (1024K)
 Metaspace       used 22373K, committed 22592K, reserved 1114112K
  class space    used 2420K, committed 2496K, reserved 1048576K
}
Event: 51.906 GC heap after
{Heap after GC invocations=5 (full 0):
 garbage-first heap   total 33792K, used 15000K [0x0000000085200000, 0x0000000100000000)
  region size 1024K, 8 young (8192K), 8 survivors (8192K)
 Metaspace       used 22373K, committed 22592K, reserved 1114112K
  class space    used 2420K, committed 2496K, reserved 1048576K
}
Event: 52.965 GC heap before
{Heap before GC invocations=5 (full 0):
 garbage-first heap   total 33792K, used 22168K [0x0000000085200000, 0x0000000100000000)
  region size 1024K, 15 young (15360K), 8 survivors (8192K)
 Metaspace       used 23165K, committed 23424K, reserved 1114112K
  class space    used 2548K, committed 2688K, reserved 1048576K
}
Event: 52.987 GC heap after
{Heap after GC invocations=6 (full 0):
 garbage-first heap   total 33792K, used 16791K [0x0000000085200000, 0x0000000100000000)
  region size 1024K, 2 young (2048K), 2 survivors (2048K)
 Metaspace       used 23165K, committed 23424K, reserved 1114112K
  class space    used 2548K, committed 2688K, reserved 1048576K
}
Event: 53.732 GC heap before
{Heap before GC invocations=6 (full 0):
 garbage-first heap   total 33792K, used 24983K [0x0000000085200000, 0x0000000100000000)
  region size 1024K, 11 young (11264K), 2 survivors (2048K)
 Metaspace       used 24736K, committed 24960K, reserved 1114112K
  class space    used 2718K, committed 2816K, reserved 1048576K
}

